This file contains any messages produced by compilers while
running configure, to aid debugging if configure makes a mistake.

It was created by destor configure 2.0, which was
generated by GNU Autoconf 2.71.  Invocation command line was

  $ ./configure

## --------- ##
## Platform. ##
## --------- ##

hostname = ncut
uname -m = x86_64
uname -r = 5.15.0-76-generic
uname -s = Linux
uname -v = #83~20.04.1-Ubuntu SMP Wed Jun 21 20:23:31 UTC 2023

/usr/bin/uname -p = x86_64
/bin/uname -X     = unknown

/bin/arch              = x86_64
/usr/bin/arch -k       = unknown
/usr/convex/getsysinfo = unknown
/usr/bin/hostinfo      = unknown
/bin/machine           = unknown
/usr/bin/oslevel       = unknown
/bin/universe          = unknown

PATH: /usr/local/sbin/
PATH: /usr/local/bin/
PATH: /usr/sbin/
PATH: /usr/bin/
PATH: /sbin/
PATH: /bin/
PATH: /usr/games/
PATH: /usr/local/games/
PATH: /snap/bin/


## ----------- ##
## Core tests. ##
## ----------- ##

configure:2468: looking for aux files: config.guess config.sub compile missing install-sh
configure:2481:  trying ./
configure:2510:   ./config.guess found
configure:2510:   ./config.sub found
configure:2510:   ./compile found
configure:2510:   ./missing found
configure:2492:   ./install-sh found
configure:2639: checking for a BSD-compatible install
configure:2712: result: /usr/bin/install -c
configure:2723: checking whether build environment is sane
configure:2778: result: yes
configure:2937: checking for a race-free mkdir -p
configure:2981: result: /usr/bin/mkdir -p
configure:2988: checking for gawk
configure:3023: result: no
configure:2988: checking for mawk
configure:3009: found /usr/bin/mawk
configure:3020: result: mawk
configure:3031: checking whether make sets $(MAKE)
configure:3054: result: yes
configure:3084: checking whether make supports nested variables
configure:3102: result: yes
configure:3303: checking for gcc
configure:3324: found /usr/bin/gcc
configure:3335: result: gcc
configure:3688: checking for C compiler version
configure:3697: gcc --version >&5
gcc (Ubuntu 11.3.0-1ubuntu1~22.04.1) 11.3.0
Copyright (C) 2021 Free Software Foundation, Inc.
This is free software; see the source for copying conditions.  There is NO
warranty; not even for MERCHANTABILITY or FITNESS FOR A PARTICULAR PURPOSE.

configure:3708: $? = 0
configure:3697: gcc -v >&5
Using built-in specs.
COLLECT_GCC=gcc
COLLECT_LTO_WRAPPER=/usr/lib/gcc/x86_64-linux-gnu/11/lto-wrapper
OFFLOAD_TARGET_NAMES=nvptx-none:amdgcn-amdhsa
OFFLOAD_TARGET_DEFAULT=1
Target: x86_64-linux-gnu
Configured with: ../src/configure -v --with-pkgversion='Ubuntu 11.3.0-1ubuntu1~22.04.1' --with-bugurl=file:///usr/share/doc/gcc-11/README.Bugs --enable-languages=c,ada,c++,go,brig,d,fortran,objc,obj-c++,m2 --prefix=/usr --with-gcc-major-version-only --program-suffix=-11 --program-prefix=x86_64-linux-gnu- --enable-shared --enable-linker-build-id --libexecdir=/usr/lib --without-included-gettext --enable-threads=posix --libdir=/usr/lib --enable-nls --enable-bootstrap --enable-clocale=gnu --enable-libstdcxx-debug --enable-libstdcxx-time=yes --with-default-libstdcxx-abi=new --enable-gnu-unique-object --disable-vtable-verify --enable-plugin --enable-default-pie --with-system-zlib --enable-libphobos-checking=release --with-target-system-zlib=auto --enable-objc-gc=auto --enable-multiarch --disable-werror --enable-cet --with-arch-32=i686 --with-abi=m64 --with-multilib-list=m32,m64,mx32 --enable-multilib --with-tune=generic --enable-offload-targets=nvptx-none=/build/gcc-11-aYxV0E/gcc-11-11.3.0/debian/tmp-nvptx/usr,amdgcn-amdhsa=/build/gcc-11-aYxV0E/gcc-11-11.3.0/debian/tmp-gcn/usr --without-cuda-driver --enable-checking=release --build=x86_64-linux-gnu --host=x86_64-linux-gnu --target=x86_64-linux-gnu --with-build-config=bootstrap-lto-lean --enable-link-serialization=2
Thread model: posix
Supported LTO compression algorithms: zlib zstd
gcc version 11.3.0 (Ubuntu 11.3.0-1ubuntu1~22.04.1) 
... rest of stderr output deleted ...
configure:3708: $? = 0
configure:3697: gcc -V >&5
gcc: error: unrecognized command-line option '-V'
gcc: fatal error: no input files
compilation terminated.
configure:3708: $? = 1
configure:3697: gcc -qversion >&5
gcc: error: unrecognized command-line option '-qversion'; did you mean '--version'?
gcc: fatal error: no input files
compilation terminated.
configure:3708: $? = 1
configure:3697: gcc -version >&5
gcc: error: unrecognized command-line option '-version'
gcc: fatal error: no input files
compilation terminated.
configure:3708: $? = 1
configure:3728: checking whether the C compiler works
configure:3750: gcc    conftest.c  >&5
configure:3754: $? = 0
configure:3804: result: yes
configure:3807: checking for C compiler default output file name
configure:3809: result: a.out
configure:3815: checking for suffix of executables
configure:3822: gcc -o conftest    conftest.c  >&5
configure:3826: $? = 0
configure:3849: result: 
configure:3871: checking whether we are cross compiling
configure:3879: gcc -o conftest    conftest.c  >&5
configure:3883: $? = 0
configure:3890: ./conftest
configure:3894: $? = 0
configure:3909: result: no
configure:3914: checking for suffix of object files
configure:3937: gcc -c   conftest.c >&5
configure:3941: $? = 0
configure:3963: result: o
configure:3967: checking whether the compiler supports GNU C
configure:3987: gcc -c   conftest.c >&5
configure:3987: $? = 0
configure:3997: result: yes
configure:4008: checking whether gcc accepts -g
configure:4029: gcc -c -g  conftest.c >&5
configure:4029: $? = 0
configure:4073: result: yes
configure:4093: checking for gcc option to enable C11 features
configure:4108: gcc  -c -g -O2  conftest.c >&5
configure:4108: $? = 0
configure:4126: result: none needed
configure:4242: checking whether gcc understands -c and -o together
configure:4265: gcc -c conftest.c -o conftest2.o
configure:4268: $? = 0
configure:4265: gcc -c conftest.c -o conftest2.o
configure:4268: $? = 0
configure:4280: result: yes
configure:4300: checking whether make supports the include directive
configure:4315: make -f confmf.GNU && cat confinc.out
this is the am__doit target
configure:4318: $? = 0
configure:4337: result: yes (GNU style)
configure:4363: checking dependency style of gcc
configure:4475: result: gcc3
configure:4494: checking for pthread_create in -lpthread
configure:4517: gcc -o conftest -g -O2 -Wall   conftest.c -lpthread   >&5
configure:4517: $? = 0
configure:4527: result: yes
configure:4537: checking for g_hash_table_new in -lglib
configure:4560: gcc -o conftest -g -O2 -Wall   conftest.c -lglib  -lpthread  >&5
configure:4560: $? = 0
configure:4570: result: yes
configure:4582: checking for g_thread_init in -lglib
configure:4605: gcc -o conftest -g -O2 -Wall   conftest.c -lglib  -lpthread  >&5
/usr/bin/ld: /tmp/ccq1JA7s.o: in function `main':
/home/lyncut/code/Destor/conftest.c:20: undefined reference to `g_thread_init'
collect2: error: ld returned 1 exit status
configure:4605: $? = 1
configure: failed program was:
| /* confdefs.h */
| #define PACKAGE_NAME "destor"
| #define PACKAGE_TARNAME "destor"
| #define PACKAGE_VERSION "2.0"
| #define PACKAGE_STRING "destor 2.0"
| #define PACKAGE_BUGREPORT "fumin@hust.edu.cn"
| #define PACKAGE_URL ""
| #define PACKAGE "destor"
| #define VERSION "2.0"
| #define HAVE_LIBPTHREAD 1
| /* end confdefs.h.  */
| 
| /* Override any GCC internal prototype to avoid an error.
|    Use char because int might match the return type of a GCC
|    builtin and then its argument prototype would still apply.  */
| char g_thread_init ();
| int
| main (void)
| {
| return g_thread_init ();
|   ;
|   return 0;
| }
configure:4615: result: no
configure:4627: checking for SHA_Update in -lcrypto
configure:4650: gcc -o conftest -g -O2 -Wall   conftest.c -lcrypto  -lpthread  >&5
configure:4650: $? = 0
configure:4660: result: yes
configure:4724: checking for ranlib
configure:4745: found /usr/bin/ranlib
configure:4756: result: ranlib
configure:4784: checking for stdio.h
configure:4784: gcc -c -g -O2 -Wall  conftest.c >&5
configure:4784: $? = 0
configure:4784: result: yes
configure:4784: checking for stdlib.h
configure:4784: gcc -c -g -O2 -Wall  conftest.c >&5
configure:4784: $? = 0
configure:4784: result: yes
configure:4784: checking for string.h
configure:4784: gcc -c -g -O2 -Wall  conftest.c >&5
configure:4784: $? = 0
configure:4784: result: yes
configure:4784: checking for inttypes.h
configure:4784: gcc -c -g -O2 -Wall  conftest.c >&5
configure:4784: $? = 0
configure:4784: result: yes
configure:4784: checking for stdint.h
configure:4784: gcc -c -g -O2 -Wall  conftest.c >&5
configure:4784: $? = 0
configure:4784: result: yes
configure:4784: checking for strings.h
configure:4784: gcc -c -g -O2 -Wall  conftest.c >&5
configure:4784: $? = 0
configure:4784: result: yes
configure:4784: checking for sys/stat.h
configure:4784: gcc -c -g -O2 -Wall  conftest.c >&5
configure:4784: $? = 0
configure:4784: result: yes
configure:4784: checking for sys/types.h
configure:4784: gcc -c -g -O2 -Wall  conftest.c >&5
configure:4784: $? = 0
configure:4784: result: yes
configure:4784: checking for unistd.h
configure:4784: gcc -c -g -O2 -Wall  conftest.c >&5
configure:4784: $? = 0
configure:4784: result: yes
configure:4809: checking for arpa/inet.h
configure:4809: gcc -c -g -O2 -Wall  conftest.c >&5
configure:4809: $? = 0
configure:4809: result: yes
configure:4815: checking for fcntl.h
configure:4815: gcc -c -g -O2 -Wall  conftest.c >&5
configure:4815: $? = 0
configure:4815: result: yes
configure:4821: checking for stdint.h
configure:4821: result: yes
configure:4827: checking for stdlib.h
configure:4827: result: yes
configure:4833: checking for string.h
configure:4833: result: yes
configure:4839: checking for sys/socket.h
configure:4839: gcc -c -g -O2 -Wall  conftest.c >&5
configure:4839: $? = 0
configure:4839: result: yes
configure:4845: checking for sys/time.h
configure:4845: gcc -c -g -O2 -Wall  conftest.c >&5
configure:4845: $? = 0
configure:4845: result: yes
configure:4851: checking for unistd.h
configure:4851: result: yes
configure:4860: checking for glib.h
configure:4860: gcc -c -g -O2 -Wall  conftest.c >&5
configure:4860: $? = 0
configure:4860: result: yes
configure:4875: checking for openssl/sha.h
configure:4875: gcc -c -g -O2 -Wall  conftest.c >&5
configure:4875: $? = 0
configure:4875: result: yes
configure:4894: checking for inline
configure:4911: gcc -c -g -O2 -Wall  conftest.c >&5
configure:4911: $? = 0
configure:4920: result: inline
configure:4938: checking for int32_t
configure:4938: gcc -c -g -O2 -Wall  conftest.c >&5
configure:4938: $? = 0
configure:4938: gcc -c -g -O2 -Wall  conftest.c >&5
conftest.c: In function 'main':
conftest.c:65:67: warning: integer overflow in expression of type 'int' results in '-2147483648' [-Woverflow]
   65 |                  < (int32_t) (((((int32_t) 1 << N) << N) - 1) * 2 + 2))];
      |                                                                   ^
conftest.c:64:12: error: storage size of 'test_array' isn't constant
   64 | static int test_array [1 - 2 * !((int32_t) (((((int32_t) 1 << N) << N) - 1) * 2 + 1)
      |            ^~~~~~~~~~
conftest.c:64:12: warning: unused variable 'test_array' [-Wunused-variable]
configure:4938: $? = 1
configure: failed program was:
| /* confdefs.h */
| #define PACKAGE_NAME "destor"
| #define PACKAGE_TARNAME "destor"
| #define PACKAGE_VERSION "2.0"
| #define PACKAGE_STRING "destor 2.0"
| #define PACKAGE_BUGREPORT "fumin@hust.edu.cn"
| #define PACKAGE_URL ""
| #define PACKAGE "destor"
| #define VERSION "2.0"
| #define HAVE_LIBPTHREAD 1
| #define HAVE_STDIO_H 1
| #define HAVE_STDLIB_H 1
| #define HAVE_STRING_H 1
| #define HAVE_INTTYPES_H 1
| #define HAVE_STDINT_H 1
| #define HAVE_STRINGS_H 1
| #define HAVE_SYS_STAT_H 1
| #define HAVE_SYS_TYPES_H 1
| #define HAVE_UNISTD_H 1
| #define STDC_HEADERS 1
| #define HAVE_ARPA_INET_H 1
| #define HAVE_FCNTL_H 1
| #define HAVE_STDINT_H 1
| #define HAVE_STDLIB_H 1
| #define HAVE_STRING_H 1
| #define HAVE_SYS_SOCKET_H 1
| #define HAVE_SYS_TIME_H 1
| #define HAVE_UNISTD_H 1
| #define HAVE_GLIB_H 1
| #define HAVE_OPENSSL_SHA_H 1
| /* end confdefs.h.  */
| #include <stddef.h>
| #ifdef HAVE_STDIO_H
| # include <stdio.h>
| #endif
| #ifdef HAVE_STDLIB_H
| # include <stdlib.h>
| #endif
| #ifdef HAVE_STRING_H
| # include <string.h>
| #endif
| #ifdef HAVE_INTTYPES_H
| # include <inttypes.h>
| #endif
| #ifdef HAVE_STDINT_H
| # include <stdint.h>
| #endif
| #ifdef HAVE_STRINGS_H
| # include <strings.h>
| #endif
| #ifdef HAVE_SYS_TYPES_H
| # include <sys/types.h>
| #endif
| #ifdef HAVE_SYS_STAT_H
| # include <sys/stat.h>
| #endif
| #ifdef HAVE_UNISTD_H
| # include <unistd.h>
| #endif
| 	        enum { N = 32 / 2 - 1 };
| int
| main (void)
| {
| static int test_array [1 - 2 * !((int32_t) (((((int32_t) 1 << N) << N) - 1) * 2 + 1)
| 		 < (int32_t) (((((int32_t) 1 << N) << N) - 1) * 2 + 2))];
| test_array [0] = 0;
| return test_array [0];
| 
|   ;
|   return 0;
| }
configure:4938: result: yes
configure:4947: checking for int64_t
configure:4947: gcc -c -g -O2 -Wall  conftest.c >&5
configure:4947: $? = 0
configure:4947: gcc -c -g -O2 -Wall  conftest.c >&5
conftest.c: In function 'main':
conftest.c:65:67: warning: integer overflow in expression of type 'long int' results in '-9223372036854775808' [-Woverflow]
   65 |                  < (int64_t) (((((int64_t) 1 << N) << N) - 1) * 2 + 2))];
      |                                                                   ^
conftest.c:64:12: error: storage size of 'test_array' isn't constant
   64 | static int test_array [1 - 2 * !((int64_t) (((((int64_t) 1 << N) << N) - 1) * 2 + 1)
      |            ^~~~~~~~~~
conftest.c:64:12: warning: unused variable 'test_array' [-Wunused-variable]
configure:4947: $? = 1
configure: failed program was:
| /* confdefs.h */
| #define PACKAGE_NAME "destor"
| #define PACKAGE_TARNAME "destor"
| #define PACKAGE_VERSION "2.0"
| #define PACKAGE_STRING "destor 2.0"
| #define PACKAGE_BUGREPORT "fumin@hust.edu.cn"
| #define PACKAGE_URL ""
| #define PACKAGE "destor"
| #define VERSION "2.0"
| #define HAVE_LIBPTHREAD 1
| #define HAVE_STDIO_H 1
| #define HAVE_STDLIB_H 1
| #define HAVE_STRING_H 1
| #define HAVE_INTTYPES_H 1
| #define HAVE_STDINT_H 1
| #define HAVE_STRINGS_H 1
| #define HAVE_SYS_STAT_H 1
| #define HAVE_SYS_TYPES_H 1
| #define HAVE_UNISTD_H 1
| #define STDC_HEADERS 1
| #define HAVE_ARPA_INET_H 1
| #define HAVE_FCNTL_H 1
| #define HAVE_STDINT_H 1
| #define HAVE_STDLIB_H 1
| #define HAVE_STRING_H 1
| #define HAVE_SYS_SOCKET_H 1
| #define HAVE_SYS_TIME_H 1
| #define HAVE_UNISTD_H 1
| #define HAVE_GLIB_H 1
| #define HAVE_OPENSSL_SHA_H 1
| /* end confdefs.h.  */
| #include <stddef.h>
| #ifdef HAVE_STDIO_H
| # include <stdio.h>
| #endif
| #ifdef HAVE_STDLIB_H
| # include <stdlib.h>
| #endif
| #ifdef HAVE_STRING_H
| # include <string.h>
| #endif
| #ifdef HAVE_INTTYPES_H
| # include <inttypes.h>
| #endif
| #ifdef HAVE_STDINT_H
| # include <stdint.h>
| #endif
| #ifdef HAVE_STRINGS_H
| # include <strings.h>
| #endif
| #ifdef HAVE_SYS_TYPES_H
| # include <sys/types.h>
| #endif
| #ifdef HAVE_SYS_STAT_H
| # include <sys/stat.h>
| #endif
| #ifdef HAVE_UNISTD_H
| # include <unistd.h>
| #endif
| 	        enum { N = 64 / 2 - 1 };
| int
| main (void)
| {
| static int test_array [1 - 2 * !((int64_t) (((((int64_t) 1 << N) << N) - 1) * 2 + 1)
| 		 < (int64_t) (((((int64_t) 1 << N) << N) - 1) * 2 + 2))];
| test_array [0] = 0;
| return test_array [0];
| 
|   ;
|   return 0;
| }
configure:4947: result: yes
configure:4956: checking for off_t
configure:4956: gcc -c -g -O2 -Wall  conftest.c >&5
configure:4956: $? = 0
configure:4956: gcc -c -g -O2 -Wall  conftest.c >&5
conftest.c: In function 'main':
conftest.c:63:20: error: expected expression before ')' token
   63 | if (sizeof ((off_t)))
      |                    ^
configure:4956: $? = 1
configure: failed program was:
| /* confdefs.h */
| #define PACKAGE_NAME "destor"
| #define PACKAGE_TARNAME "destor"
| #define PACKAGE_VERSION "2.0"
| #define PACKAGE_STRING "destor 2.0"
| #define PACKAGE_BUGREPORT "fumin@hust.edu.cn"
| #define PACKAGE_URL ""
| #define PACKAGE "destor"
| #define VERSION "2.0"
| #define HAVE_LIBPTHREAD 1
| #define HAVE_STDIO_H 1
| #define HAVE_STDLIB_H 1
| #define HAVE_STRING_H 1
| #define HAVE_INTTYPES_H 1
| #define HAVE_STDINT_H 1
| #define HAVE_STRINGS_H 1
| #define HAVE_SYS_STAT_H 1
| #define HAVE_SYS_TYPES_H 1
| #define HAVE_UNISTD_H 1
| #define STDC_HEADERS 1
| #define HAVE_ARPA_INET_H 1
| #define HAVE_FCNTL_H 1
| #define HAVE_STDINT_H 1
| #define HAVE_STDLIB_H 1
| #define HAVE_STRING_H 1
| #define HAVE_SYS_SOCKET_H 1
| #define HAVE_SYS_TIME_H 1
| #define HAVE_UNISTD_H 1
| #define HAVE_GLIB_H 1
| #define HAVE_OPENSSL_SHA_H 1
| /* end confdefs.h.  */
| #include <stddef.h>
| #ifdef HAVE_STDIO_H
| # include <stdio.h>
| #endif
| #ifdef HAVE_STDLIB_H
| # include <stdlib.h>
| #endif
| #ifdef HAVE_STRING_H
| # include <string.h>
| #endif
| #ifdef HAVE_INTTYPES_H
| # include <inttypes.h>
| #endif
| #ifdef HAVE_STDINT_H
| # include <stdint.h>
| #endif
| #ifdef HAVE_STRINGS_H
| # include <strings.h>
| #endif
| #ifdef HAVE_SYS_TYPES_H
| # include <sys/types.h>
| #endif
| #ifdef HAVE_SYS_STAT_H
| # include <sys/stat.h>
| #endif
| #ifdef HAVE_UNISTD_H
| # include <unistd.h>
| #endif
| int
| main (void)
| {
| if (sizeof ((off_t)))
| 	    return 0;
|   ;
|   return 0;
| }
configure:4956: result: yes
configure:4966: checking for size_t
configure:4966: gcc -c -g -O2 -Wall  conftest.c >&5
configure:4966: $? = 0
configure:4966: gcc -c -g -O2 -Wall  conftest.c >&5
conftest.c: In function 'main':
conftest.c:63:21: error: expected expression before ')' token
   63 | if (sizeof ((size_t)))
      |                     ^
configure:4966: $? = 1
configure: failed program was:
| /* confdefs.h */
| #define PACKAGE_NAME "destor"
| #define PACKAGE_TARNAME "destor"
| #define PACKAGE_VERSION "2.0"
| #define PACKAGE_STRING "destor 2.0"
| #define PACKAGE_BUGREPORT "fumin@hust.edu.cn"
| #define PACKAGE_URL ""
| #define PACKAGE "destor"
| #define VERSION "2.0"
| #define HAVE_LIBPTHREAD 1
| #define HAVE_STDIO_H 1
| #define HAVE_STDLIB_H 1
| #define HAVE_STRING_H 1
| #define HAVE_INTTYPES_H 1
| #define HAVE_STDINT_H 1
| #define HAVE_STRINGS_H 1
| #define HAVE_SYS_STAT_H 1
| #define HAVE_SYS_TYPES_H 1
| #define HAVE_UNISTD_H 1
| #define STDC_HEADERS 1
| #define HAVE_ARPA_INET_H 1
| #define HAVE_FCNTL_H 1
| #define HAVE_STDINT_H 1
| #define HAVE_STDLIB_H 1
| #define HAVE_STRING_H 1
| #define HAVE_SYS_SOCKET_H 1
| #define HAVE_SYS_TIME_H 1
| #define HAVE_UNISTD_H 1
| #define HAVE_GLIB_H 1
| #define HAVE_OPENSSL_SHA_H 1
| /* end confdefs.h.  */
| #include <stddef.h>
| #ifdef HAVE_STDIO_H
| # include <stdio.h>
| #endif
| #ifdef HAVE_STDLIB_H
| # include <stdlib.h>
| #endif
| #ifdef HAVE_STRING_H
| # include <string.h>
| #endif
| #ifdef HAVE_INTTYPES_H
| # include <inttypes.h>
| #endif
| #ifdef HAVE_STDINT_H
| # include <stdint.h>
| #endif
| #ifdef HAVE_STRINGS_H
| # include <strings.h>
| #endif
| #ifdef HAVE_SYS_TYPES_H
| # include <sys/types.h>
| #endif
| #ifdef HAVE_SYS_STAT_H
| # include <sys/stat.h>
| #endif
| #ifdef HAVE_UNISTD_H
| # include <unistd.h>
| #endif
| int
| main (void)
| {
| if (sizeof ((size_t)))
| 	    return 0;
|   ;
|   return 0;
| }
configure:4966: result: yes
configure:4976: checking for uint32_t
configure:4976: gcc -c -g -O2 -Wall  conftest.c >&5
configure:4976: $? = 0
configure:4976: result: yes
configure:4988: checking for uint64_t
configure:4988: gcc -c -g -O2 -Wall  conftest.c >&5
configure:4988: $? = 0
configure:4988: result: yes
configure:5000: checking for uint8_t
configure:5000: gcc -c -g -O2 -Wall  conftest.c >&5
configure:5000: $? = 0
configure:5000: result: yes
configure:5020: checking build system type
configure:5035: result: x86_64-pc-linux-gnu
configure:5055: checking host system type
configure:5069: result: x86_64-pc-linux-gnu
configure:5089: checking for GNU libc compatible malloc
configure:5121: gcc -o conftest -g -O2 -Wall   conftest.c -lpthread  >&5
configure:5121: $? = 0
configure:5121: ./conftest
configure:5121: $? = 0
configure:5132: result: yes
configure:5295: checking that generated files are newer than configure
configure:5301: result: done
configure:5324: creating ./config.status

## ---------------------- ##
## Running config.status. ##
## ---------------------- ##

This file was extended by destor config.status 2.0, which was
generated by GNU Autoconf 2.71.  Invocation command line was

  CONFIG_FILES    = 
  CONFIG_HEADERS  = 
  CONFIG_LINKS    = 
  CONFIG_COMMANDS = 
  $ ./config.status 

on ncut

config.status:788: creating Makefile
config.status:788: creating src/Makefile
config.status:788: creating src/utils/Makefile
config.status:788: creating src/index/Makefile
config.status:788: creating src/recipe/Makefile
config.status:788: creating src/storage/Makefile
config.status:788: creating src/chunking/Makefile
config.status:788: creating src/fsl/Makefile
config.status:960: executing depfiles commands
config.status:1037: cd src       && sed -e '/# am--include-marker/d' Makefile         | make -f - am--depfiles
make: Nothing to be done for 'am--depfiles'.
config.status:1042: $? = 0
config.status:1037: cd src/utils       && sed -e '/# am--include-marker/d' Makefile         | make -f - am--depfiles
make: Nothing to be done for 'am--depfiles'.
config.status:1042: $? = 0
config.status:1037: cd src/index       && sed -e '/# am--include-marker/d' Makefile         | make -f - am--depfiles
make: Nothing to be done for 'am--depfiles'.
config.status:1042: $? = 0
config.status:1037: cd src/recipe       && sed -e '/# am--include-marker/d' Makefile         | make -f - am--depfiles
make: Nothing to be done for 'am--depfiles'.
config.status:1042: $? = 0
config.status:1037: cd src/storage       && sed -e '/# am--include-marker/d' Makefile         | make -f - am--depfiles
make: Nothing to be done for 'am--depfiles'.
config.status:1042: $? = 0
config.status:1037: cd src/chunking       && sed -e '/# am--include-marker/d' Makefile         | make -f - am--depfiles
make: Nothing to be done for 'am--depfiles'.
config.status:1042: $? = 0
config.status:1037: cd src/fsl       && sed -e '/# am--include-marker/d' Makefile         | make -f - am--depfiles
make: Nothing to be done for 'am--depfiles'.
config.status:1042: $? = 0

## ---------------- ##
## Cache variables. ##
## ---------------- ##

ac_cv_build=x86_64-pc-linux-gnu
ac_cv_c_compiler_gnu=yes
ac_cv_c_inline=inline
ac_cv_c_int32_t=yes
ac_cv_c_int64_t=yes
ac_cv_c_uint32_t=yes
ac_cv_c_uint64_t=yes
ac_cv_c_uint8_t=yes
ac_cv_env_CC_set=
ac_cv_env_CC_value=
ac_cv_env_CFLAGS_set=
ac_cv_env_CFLAGS_value=
ac_cv_env_CPPFLAGS_set=
ac_cv_env_CPPFLAGS_value=
ac_cv_env_LDFLAGS_set=
ac_cv_env_LDFLAGS_value=
ac_cv_env_LIBS_set=
ac_cv_env_LIBS_value=
ac_cv_env_build_alias_set=
ac_cv_env_build_alias_value=
ac_cv_env_host_alias_set=
ac_cv_env_host_alias_value=
ac_cv_env_target_alias_set=
ac_cv_env_target_alias_value=
ac_cv_func_malloc_0_nonnull=yes
ac_cv_header_arpa_inet_h=yes
ac_cv_header_fcntl_h=yes
ac_cv_header_glib_h=yes
ac_cv_header_inttypes_h=yes
ac_cv_header_openssl_sha_h=yes
ac_cv_header_stdint_h=yes
ac_cv_header_stdio_h=yes
ac_cv_header_stdlib_h=yes
ac_cv_header_string_h=yes
ac_cv_header_strings_h=yes
ac_cv_header_sys_socket_h=yes
ac_cv_header_sys_stat_h=yes
ac_cv_header_sys_time_h=yes
ac_cv_header_sys_types_h=yes
ac_cv_header_unistd_h=yes
ac_cv_host=x86_64-pc-linux-gnu
ac_cv_lib_crypto_SHA_Update=yes
ac_cv_lib_glib_g_hash_table_new=yes
ac_cv_lib_glib_g_thread_init=no
ac_cv_lib_pthread_pthread_create=yes
ac_cv_objext=o
ac_cv_path_install='/usr/bin/install -c'
ac_cv_path_mkdir=/usr/bin/mkdir
ac_cv_prog_AWK=mawk
ac_cv_prog_ac_ct_CC=gcc
ac_cv_prog_ac_ct_RANLIB=ranlib
ac_cv_prog_cc_c11=
ac_cv_prog_cc_g=yes
ac_cv_prog_cc_stdc=
ac_cv_prog_make_make_set=yes
ac_cv_type_off_t=yes
ac_cv_type_size_t=yes
am_cv_CC_dependencies_compiler_type=gcc3
am_cv_make_support_nested_variables=yes
am_cv_prog_cc_c_o=yes

## ----------------- ##
## Output variables. ##
## ----------------- ##

ACLOCAL='${SHELL} '\''/home/lyncut/code/Destor/missing'\'' aclocal-1.16'
AMDEPBACKSLASH='\'
AMDEP_FALSE='#'
AMDEP_TRUE=''
AMTAR='$${TAR-tar}'
AM_BACKSLASH='\'
AM_DEFAULT_V='$(AM_DEFAULT_VERBOSITY)'
AM_DEFAULT_VERBOSITY='1'
AM_V='$(V)'
AUTOCONF='${SHELL} '\''/home/lyncut/code/Destor/missing'\'' autoconf'
AUTOHEADER='${SHELL} '\''/home/lyncut/code/Destor/missing'\'' autoheader'
AUTOMAKE='${SHELL} '\''/home/lyncut/code/Destor/missing'\'' automake-1.16'
AWK='mawk'
CC='gcc'
CCDEPMODE='depmode=gcc3'
CFLAGS='-g -O2 -Wall'
CPPFLAGS=''
CSCOPE='cscope'
CTAGS='ctags'
CYGPATH_W='echo'
DEFS='-DPACKAGE_NAME=\"destor\" -DPACKAGE_TARNAME=\"destor\" -DPACKAGE_VERSION=\"2.0\" -DPACKAGE_STRING=\"destor\ 2.0\" -DPACKAGE_BUGREPORT=\"fumin@hust.edu.cn\" -DPACKAGE_URL=\"\" -DPACKAGE=\"destor\" -DVERSION=\"2.0\" -DHAVE_LIBPTHREAD=1 -DHAVE_STDIO_H=1 -DHAVE_STDLIB_H=1 -DHAVE_STRING_H=1 -DHAVE_INTTYPES_H=1 -DHAVE_STDINT_H=1 -DHAVE_STRINGS_H=1 -DHAVE_SYS_STAT_H=1 -DHAVE_SYS_TYPES_H=1 -DHAVE_UNISTD_H=1 -DSTDC_HEADERS=1 -DHAVE_ARPA_INET_H=1 -DHAVE_FCNTL_H=1 -DHAVE_STDINT_H=1 -DHAVE_STDLIB_H=1 -DHAVE_STRING_H=1 -DHAVE_SYS_SOCKET_H=1 -DHAVE_SYS_TIME_H=1 -DHAVE_UNISTD_H=1 -DHAVE_GLIB_H=1 -DHAVE_OPENSSL_SHA_H=1 -DHAVE_MALLOC=1'
DEPDIR='.deps'
ECHO_C=''
ECHO_N='-n'
ECHO_T=''
ETAGS='etags'
EXEEXT=''
INSTALL_DATA='${INSTALL} -m 644'
INSTALL_PROGRAM='${INSTALL}'
INSTALL_SCRIPT='${INSTALL}'
INSTALL_STRIP_PROGRAM='$(install_sh) -c -s'
LDFLAGS=''
LIBOBJS=''
LIBS='-lpthread '
LTLIBOBJS=''
MAKEINFO='${SHELL} '\''/home/lyncut/code/Destor/missing'\'' makeinfo'
MKDIR_P='/usr/bin/mkdir -p'
OBJEXT='o'
PACKAGE='destor'
PACKAGE_BUGREPORT='fumin@hust.edu.cn'
PACKAGE_NAME='destor'
PACKAGE_STRING='destor 2.0'
PACKAGE_TARNAME='destor'
PACKAGE_URL=''
PACKAGE_VERSION='2.0'
PATH_SEPARATOR=':'
RANLIB='ranlib'
SET_MAKE=''
SHELL='/bin/bash'
STRIP=''
VERSION='2.0'
ac_ct_CC='gcc'
am__EXEEXT_FALSE=''
am__EXEEXT_TRUE='#'
am__fastdepCC_FALSE='#'
am__fastdepCC_TRUE=''
am__include='include'
am__isrc=''
am__leading_dot='.'
am__nodep='_no'
am__quote=''
am__tar='$${TAR-tar} chof - "$$tardir"'
am__untar='$${TAR-tar} xf -'
bindir='${exec_prefix}/bin'
build='x86_64-pc-linux-gnu'
build_alias=''
build_cpu='x86_64'
build_os='linux-gnu'
build_vendor='pc'
datadir='${datarootdir}'
datarootdir='${prefix}/share'
docdir='${datarootdir}/doc/${PACKAGE_TARNAME}'
dvidir='${docdir}'
exec_prefix='${prefix}'
host='x86_64-pc-linux-gnu'
host_alias=''
host_cpu='x86_64'
host_os='linux-gnu'
host_vendor='pc'
htmldir='${docdir}'
includedir='${prefix}/include'
infodir='${datarootdir}/info'
install_sh='${SHELL} /home/lyncut/code/Destor/install-sh'
libdir='${exec_prefix}/lib'
libexecdir='${exec_prefix}/libexec'
localedir='${datarootdir}/locale'
localstatedir='${prefix}/var'
mandir='${datarootdir}/man'
mkdir_p='$(MKDIR_P)'
oldincludedir='/usr/include'
pdfdir='${docdir}'
prefix='/usr/local'
program_transform_name='s,x,x,'
psdir='${docdir}'
runstatedir='${localstatedir}/run'
sbindir='${exec_prefix}/sbin'
sharedstatedir='${prefix}/com'
sysconfdir='${prefix}/etc'
target_alias=''

## ----------- ##
## confdefs.h. ##
## ----------- ##

/* confdefs.h */
#define PACKAGE_NAME "destor"
#define PACKAGE_TARNAME "destor"
#define PACKAGE_VERSION "2.0"
#define PACKAGE_STRING "destor 2.0"
#define PACKAGE_BUGREPORT "fumin@hust.edu.cn"
#define PACKAGE_URL ""
#define PACKAGE "destor"
#define VERSION "2.0"
#define HAVE_LIBPTHREAD 1
#define HAVE_STDIO_H 1
#define HAVE_STDLIB_H 1
#define HAVE_STRING_H 1
#define HAVE_INTTYPES_H 1
#define HAVE_STDINT_H 1
#define HAVE_STRINGS_H 1
#define HAVE_SYS_STAT_H 1
#define HAVE_SYS_TYPES_H 1
#define HAVE_UNISTD_H 1
#define STDC_HEADERS 1
#define HAVE_ARPA_INET_H 1
#define HAVE_FCNTL_H 1
#define HAVE_STDINT_H 1
#define HAVE_STDLIB_H 1
#define HAVE_STRING_H 1
#define HAVE_SYS_SOCKET_H 1
#define HAVE_SYS_TIME_H 1
#define HAVE_UNISTD_H 1
#define HAVE_GLIB_H 1
#define HAVE_OPENSSL_SHA_H 1
#define HAVE_MALLOC 1

configure: exit 0
